# JRE version: Java(TM) SE Runtime Environment (8.0_131-b11) (build 1.8.0_131-b11)
# Java VM: Java HotSpot(TM) 64-Bit Server VM (25.131-b11 mixed mode windows-amd64 compressed oops)
Heap:
 PSYoungGen      total 76288K, used 46748K [0x000000076b500000, 0x0000000770a00000, 0x00000007c0000000)
  eden space 65536K, 62% used [0x000000076b500000,0x000000076dceb4b8,0x000000076f500000)
  from space 10752K, 54% used [0x000000076f500000,0x000000076fabbf30,0x000000076ff80000)
  to   space 10752K, 0% used [0x000000076ff80000,0x000000076ff80000,0x0000000770a00000)
 ParOldGen       total 116736K, used 10228K [0x00000006c1e00000, 0x00000006c9000000, 0x000000076b500000)
  object space 116736K, 8% used [0x00000006c1e00000,0x00000006c27fd168,0x00000006c9000000)
 Metaspace       used 25163K, capacity 26376K, committed 26672K, reserved 1073152K
  class space    used 3315K, capacity 3578K, committed 3632K, reserved 1048576K
GC Heap History (8 events):
Event: 2.392 GC heap before
{Heap before GC invocations=1 (full 0):
 PSYoungGen      total 76288K, used 65536K [0x000000076b500000, 0x0000000770a00000, 0x00000007c0000000)
  eden space 65536K, 100% used [0x000000076b500000,0x000000076f500000,0x000000076f500000)
  from space 10752K, 0% used [0x000000076ff80000,0x000000076ff80000,0x0000000770a00000)
  to   space 10752K, 0% used [0x000000076f500000,0x000000076f500000,0x000000076ff80000)
 ParOldGen       total 175104K, used 0K [0x00000006c1e00000, 0x00000006cc900000, 0x000000076b500000)
  object space 175104K, 0% used [0x00000006c1e00000,0x00000006c1e00000,0x00000006cc900000)
 Metaspace       used 13648K, capacity 14134K, committed 14464K, reserved 1062912K
  class space    used 1701K, capacity 1841K, committed 1920K, reserved 1048576K
Event: 2.400 GC heap after
Heap after GC invocations=1 (full 0):
 PSYoungGen      total 76288K, used 7240K [0x000000076b500000, 0x0000000770a00000, 0x00000007c0000000)
  eden space 65536K, 0% used [0x000000076b500000,0x000000076b500000,0x000000076f500000)
  from space 10752K, 67% used [0x000000076f500000,0x000000076fc121b0,0x000000076ff80000)
  to   space 10752K, 0% used [0x000000076ff80000,0x000000076ff80000,0x0000000770a00000)
 ParOldGen       total 175104K, used 16K [0x00000006c1e00000, 0x00000006cc900000, 0x000000076b500000)
  object space 175104K, 0% used [0x00000006c1e00000,0x00000006c1e04000,0x00000006cc900000)
 Metaspace       used 13648K, capacity 14134K, committed 14464K, reserved 1062912K
  class space    used 1701K, capacity 1841K, committed 1920K, reserved 1048576K
}
Event: 4.333 GC heap before
{Heap before GC invocations=2 (full 0):
 PSYoungGen      total 76288K, used 68981K [0x000000076b500000, 0x0000000770a00000, 0x00000007c0000000)
  eden space 65536K, 94% used [0x000000076b500000,0x000000076f14b4f0,0x000000076f500000)
  from space 10752K, 67% used [0x000000076f500000,0x000000076fc121b0,0x000000076ff80000)
  to   space 10752K, 0% used [0x000000076ff80000,0x000000076ff80000,0x0000000770a00000)
 ParOldGen       total 175104K, used 16K [0x00000006c1e00000, 0x00000006cc900000, 0x000000076b500000)
  object space 175104K, 0% used [0x00000006c1e00000,0x00000006c1e04000,0x00000006cc900000)
 Metaspace       used 20380K, capacity 21224K, committed 21296K, reserved 1067008K
  class space    used 2634K, capacity 2862K, committed 2864K, reserved 1048576K
Event: 4.348 GC heap after
Heap after GC invocations=2 (full 0):
 PSYoungGen      total 76288K, used 10631K [0x000000076b500000, 0x0000000770a00000, 0x00000007c0000000)
  eden space 65536K, 0% used [0x000000076b500000,0x000000076b500000,0x000000076f500000)
  from space 10752K, 98% used [0x000000076ff80000,0x00000007709e1fb8,0x0000000770a00000)
  to   space 10752K, 0% used [0x000000076f500000,0x000000076f500000,0x000000076ff80000)
 ParOldGen       total 175104K, used 96K [0x00000006c1e00000, 0x00000006cc900000, 0x000000076b500000)
  object space 175104K, 0% used [0x00000006c1e00000,0x00000006c1e18010,0x00000006cc900000)
 Metaspace       used 20380K, capacity 21224K, committed 21296K, reserved 1067008K
  class space    used 2634K, capacity 2862K, committed 2864K, reserved 1048576K
}
Event: 4.348 GC heap before
{Heap before GC invocations=3 (full 1):
 PSYoungGen      total 76288K, used 10631K [0x000000076b500000, 0x0000000770a00000, 0x00000007c0000000)
  eden space 65536K, 0% used [0x000000076b500000,0x000000076b500000,0x000000076f500000)
  from space 10752K, 98% used [0x000000076ff80000,0x00000007709e1fb8,0x0000000770a00000)
  to   space 10752K, 0% used [0x000000076f500000,0x000000076f500000,0x000000076ff80000)
 ParOldGen       total 175104K, used 96K [0x00000006c1e00000, 0x00000006cc900000, 0x000000076b500000)
  object space 175104K, 0% used [0x00000006c1e00000,0x00000006c1e18010,0x00000006cc900000)
 Metaspace       used 20380K, capacity 21224K, committed 21296K, reserved 1067008K
  class space    used 2634K, capacity 2862K, committed 2864K, reserved 1048576K
Event: 4.387 GC heap after
Heap after GC invocations=3 (full 1):
 PSYoungGen      total 76288K, used 0K [0x000000076b500000, 0x0000000770a00000, 0x00000007c0000000)
  eden space 65536K, 0% used [0x000000076b500000,0x000000076b500000,0x000000076f500000)
  from space 10752K, 0% used [0x000000076ff80000,0x000000076ff80000,0x0000000770a00000)
  to   space 10752K, 0% used [0x000000076f500000,0x000000076f500000,0x000000076ff80000)
 ParOldGen       total 116736K, used 10220K [0x00000006c1e00000, 0x00000006c9000000, 0x000000076b500000)
  object space 116736K, 8% used [0x00000006c1e00000,0x00000006c27fb168,0x00000006c9000000)
 Metaspace       used 20380K, capacity 21224K, committed 21296K, reserved 1067008K
  class space    used 2634K, capacity 2862K, committed 2864K, reserved 1048576K
}
Event: 5.710 GC heap before
{Heap before GC invocations=4 (full 1):
 PSYoungGen      total 76288K, used 65536K [0x000000076b500000, 0x0000000770a00000, 0x00000007c0000000)
  eden space 65536K, 100% used [0x000000076b500000,0x000000076f500000,0x000000076f500000)
  from space 10752K, 0% used [0x000000076ff80000,0x000000076ff80000,0x0000000770a00000)
  to   space 10752K, 0% used [0x000000076f500000,0x000000076f500000,0x000000076ff80000)
 ParOldGen       total 116736K, used 10220K [0x00000006c1e00000, 0x00000006c9000000, 0x000000076b500000)
  object space 116736K, 8% used [0x00000006c1e00000,0x00000006c27fb168,0x00000006c9000000)
 Metaspace       used 24211K, capacity 25372K, committed 25520K, reserved 1071104K
  class space    used 3203K, capacity 3466K, committed 3504K, reserved 1048576K
Event: 5.713 GC heap after
Heap after GC invocations=4 (full 1):
 PSYoungGen      total 76288K, used 5871K [0x000000076b500000, 0x0000000770a00000, 0x00000007c0000000)
  eden space 65536K, 0% used [0x000000076b500000,0x000000076b500000,0x000000076f500000)
  from space 10752K, 54% used [0x000000076f500000,0x000000076fabbf30,0x000000076ff80000)
  to   space 10752K, 0% used [0x000000076ff80000,0x000000076ff80000,0x0000000770a00000)
 ParOldGen       total 116736K, used 10228K [0x00000006c1e00000, 0x00000006c9000000, 0x000000076b500000)
  object space 116736K, 8% used [0x00000006c1e00000,0x00000006c27fd168,0x00000006c9000000)
 Metaspace       used 24211K, capacity 25372K, committed 25520K, reserved 1071104K
  class space    used 3203K, capacity 3466K, committed 3504K, reserved 1048576K
}

